<?xml version="1.0" encoding="UTF-8"?>
<!-- Generated by org.testng.reporters.JUnitReportReporter -->
<testsuite skipped="0" hostname="SGH333RXGJ" name="com.zephyr.testrunner.TestRunnerNew" tests="1" failures="0" timestamp="23 May 2019 12:05:52 GMT" time="44.796" errors="0">
  <testcase name="feature" time="44.796" classname="com.zephyr.testrunner.TestRunnerNew"/>
</testsuite> <!-- com.zephyr.testrunner.TestRunnerNew -->
